Using pre-set license
Built from '2021.3/release' branch; Version is '2021.3.12f1 (8af3c3e441b1) revision 9106371'; Using compiler version '192829333'; Build Type 'Release'
OS: 'Windows 10  (10.0.19044) 64bit Professional' Language: 'en' Physical Memory: 4016 MB
BatchMode: 1, IsHumanControllingUs: 0, StartBugReporterOnCrash: 0, Is64bit: 1, IsPro: 1

COMMAND LINE ARGUMENTS:
C:\Program Files\Unity 2021.3.12f1\Editor\Unity.exe
-adb2
-batchMode
-noUpm
-name
AssetImportWorker130
-projectPath
C:/Users/GSM/test/Main
-logFile
Logs/AssetImportWorker130.log
-srvPort
60076
Successfully changed project path to: C:/Users/GSM/test/Main
C:/Users/GSM/test/Main
[UnityMemory] Configuration Parameters - Can be set up in boot.config
    "memorysetup-bucket-allocator-granularity=16"
    "memorysetup-bucket-allocator-bucket-count=8"
    "memorysetup-bucket-allocator-block-size=33554432"
    "memorysetup-bucket-allocator-block-count=8"
    "memorysetup-main-allocator-block-size=16777216"
    "memorysetup-thread-allocator-block-size=16777216"
    "memorysetup-gfx-main-allocator-block-size=16777216"
    "memorysetup-gfx-thread-allocator-block-size=16777216"
    "memorysetup-cache-allocator-block-size=4194304"
    "memorysetup-typetree-allocator-block-size=2097152"
    "memorysetup-profiler-bucket-allocator-granularity=16"
    "memorysetup-profiler-bucket-allocator-bucket-count=8"
    "memorysetup-profiler-bucket-allocator-block-size=33554432"
    "memorysetup-profiler-bucket-allocator-block-count=8"
    "memorysetup-profiler-allocator-block-size=16777216"
    "memorysetup-profiler-editor-allocator-block-size=1048576"
    "memorysetup-temp-allocator-size-main=16777216"
    "memorysetup-job-temp-allocator-block-size=2097152"
    "memorysetup-job-temp-allocator-block-size-background=1048576"
    "memorysetup-job-temp-allocator-reduction-small-platforms=262144"
    "memorysetup-temp-allocator-size-background-worker=32768"
    "memorysetup-temp-allocator-size-job-worker=262144"
    "memorysetup-temp-allocator-size-preload-manager=33554432"
    "memorysetup-temp-allocator-size-nav-mesh-worker=65536"
    "memorysetup-temp-allocator-size-audio-worker=65536"
    "memorysetup-temp-allocator-size-cloud-worker=32768"
    "memorysetup-temp-allocator-size-gi-baking-worker=262144"
    "memorysetup-temp-allocator-size-gfx=262144"
mdb reader table full -> cleaning up stale readers. Current readers:
    pid     thread     txnid
      2396 1fc4 -
      7872 1f7c -
      2396 2640 -
      6272 167c -
      9196 275c -
     12588 380 -
     11648 2cec -
      1836 23b8 -
     13064 339c -
      8704 3124 -
     12228 60c -
     10128 2b3c -
     13096 2900 -
     10284 1a50 -
     13144 2724 -
     13060 1b44 -
     10980 1fe0 -
     10764 2f14 -
      8900 2b04 -
      1208 284c -
      5136 17e4 -
      2112 804 -
     12452 3184 -
      1952 2e4c -
     10000 1e8c -
      3060 3350 -
     11804 1de4 -
     11152 31f4 -
      5688 350 -
      7956 149c -
      4724 1420 -
      2904 1298 -
     12760 1bb4 -
     10884 2fe4 -
      7576 2efc -
     12792 2df8 -
     10368 3210 -
      8932 3d4 -
     10412 2810 -
      8660 e38 -
      2004 3250 -
     12644 333c -
      8712 26a4 -
      2364 2cfc -
      7456 2ac4 -
     12576 203c -
      6208 3200 -
       920 18d0 -
      7744 153c -
      6268 29e0 -
      8856 26cc -
      4076 1cc0 -
      1336 f64 -
      5248 324c -
       332 30f0 -
      4128 126c -
     12116 2f40 -
      3788 24a4 -
      1092 1140 -
     11052 d98 -
      8480 28a4 -
     11036 650 -
     13048 1720 -
     11796 22e0 -
     12456 157c -
     10824 2720 -
      8024 293c -
       356 d34 -
      7844 1790 -
      5652 984 -
      5772 2670 -
      2344 31a8 -
      5980 336c -
      6688 24a0 -
      3868 3134 -
      9064 22f4 -
      5052 2d00 -
     10504 33c8 -
      9200 20a0 -
     10432 2e30 -
     12072 1fe4 -
     13444 3488 -
     14096 3714 -
     13484 1f54 -
      7952 ea0 -
     10964 3070 -
      9944 27d8 -
      8764 35bc -
     13928 3520 -
     12544 13a0 -
     14024 3740 -
     14192 3130 -
     13008 2df0 -
     13860 2bc0 -
      2800 314c -
      7712 1c38 -
     11552 2d90 -
      9340 ca4 -
     14696 3440 -
      5916 2d2c -
     13652 1b5c -
     12812 73c -
     12372 1184 -
      5492 202c -
     13404 b9c -
     14808 17dc -
     14428 3a50 -
     10428 3614 -
     13364 3774 -
     15272 3ae8 -
      6572 38fc -
     14056 2e58 -
     16288 3fa4 -
     11540 2704 -
      4032 3f40 -
     13932 196c -
     14440 2ddc -
     11424 37c4 -
     14932 3d2c -
     11028 3418 -
      8052 3b44 -
     10392 3730 -
     14992 3ec4 -
     15448 3784 -
     14536 3e6c -
     16012 3690 -
Cleaned out 123 stale readers
Refreshing native plugins compatible for Editor in 522.62 ms, found 4 plugins.
Preloading 0 native plugins for Editor in 0.00 ms.
Initialize engine version: 2021.3.12f1 (8af3c3e441b1)
[Subsystems] Discovering subsystems at path C:/Program Files/Unity 2021.3.12f1/Editor/Data/Resources/UnitySubsystems
[Subsystems] Discovering subsystems at path C:/Users/GSM/test/Main/Assets
GfxDevice: creating device client; threaded=0; jobified=0
Direct3D:
    Version:  Direct3D 11.0 [level 11.1]
    Renderer: Intel(R) HD Graphics 5500 (ID=0x1616)
    Vendor:   Intel
    VRAM:     2008 MB
    Driver:   20.19.15.5063
Initialize mono
Mono path[0] = 'C:/Program Files/Unity 2021.3.12f1/Editor/Data/Managed'
Mono path[1] = 'C:/Program Files/Unity 2021.3.12f1/Editor/Data/MonoBleedingEdge/lib/mono/unityjit-win32'
Mono config path = 'C:/Program Files/Unity 2021.3.12f1/Editor/Data/MonoBleedingEdge/etc'
Using monoOptions --debugger-agent=transport=dt_socket,embedding=1,server=y,suspend=n,address=127.0.0.1:56464
Begin MonoManager ReloadAssembly
Registering precompiled unity dll's ...
Register platform support module: C:/Program Files/Unity 2021.3.12f1/Editor/Data/PlaybackEngines/WindowsStandaloneSupport/UnityEditor.WindowsStandalone.Extensions.dll
Registered in 0.036256 seconds.
Native extension for WindowsStandalone target not found
Refreshing native plugins compatible for Editor in 376.41 ms, found 4 plugins.
Preloading 0 native plugins for Editor in 0.00 ms.
Mono: successfully reloaded assembly
- Completed reload, in  3.333 seconds
Domain Reload Profiling:
	ReloadAssembly (3334ms)
		BeginReloadAssembly (372ms)
			ExecutionOrderSort (0ms)
			DisableScriptedObjects (0ms)
			BackupInstance (0ms)
			ReleaseScriptingObjects (0ms)
			CreateAndSetChildDomain (3ms)
		EndReloadAssembly (2315ms)
			LoadAssemblies (348ms)
			RebuildTransferFunctionScriptingTraits (0ms)
			SetupTypeCache (469ms)
			ReleaseScriptCaches (0ms)
			RebuildScriptCaches (118ms)
			SetupLoadedEditorAssemblies (1486ms)
				LogAssemblyErrors (0ms)
				InitializePlatformSupportModulesInManaged (26ms)
				SetLoadedEditorAssemblies (1ms)
				RefreshPlugins (377ms)
				BeforeProcessingInitializeOnLoad (4ms)
				ProcessInitializeOnLoadAttributes (878ms)
				ProcessInitializeOnLoadMethodAttributes (199ms)
				AfterProcessingInitializeOnLoad (1ms)
				EditorAssembliesLoaded (1ms)
			ExecutionOrderSort2 (0ms)
			AwakeInstancesAfterBackupRestoration (0ms)
Platform modules already initialized, skipping
Registering precompiled user dll's ...
Registered in 0.063530 seconds.
